/Library/Frameworks/Python.framework/Versions/3.9/bin/python3: can't open file '/Users/qit/Documents/wsapp/wsapp/gui/my-app/./app.py': [Errno 2] No such file or directory
/Library/Frameworks/Python.framework/Versions/3.9/bin/python3: can't open file '/Users/qit/Documents/wsapp/wsapp/gui/my-app/./appsrv.py': [Errno 2] No such file or directory

> gui@0.1.0 start /Users/qit/Documents/wsapp/wsapp/gui/my-app
> react-scripts start

[34mℹ[39m [90m｢wds｣[39m: Project is running at http://10.0.0.14/
[34mℹ[39m [90m｢wds｣[39m: webpack output is served from 
[34mℹ[39m [90m｢wds｣[39m: Content not from webpack is served from /Users/qit/Documents/wsapp/wsapp/gui/my-app/public
[34mℹ[39m [90m｢wds｣[39m: 404s will fallback to /
Starting the development server...

Browserslist: caniuse-lite is outdated. Please run:
npx browserslist@latest --update-db
Compiled with warnings.

./src/components/StocksRecordsForCollapse.js
  Line 1:17:   'Component' is defined but never used               no-unused-vars
  Line 2:10:   'Form' is defined but never used                    no-unused-vars
  Line 2:16:   'Row' is defined but never used                     no-unused-vars
  Line 2:21:   'Col' is defined but never used                     no-unused-vars
  Line 2:34:   'Table' is defined but never used                   no-unused-vars
  Line 2:41:   'Modal' is defined but never used                   no-unused-vars
  Line 2:48:   'Card' is defined but never used                    no-unused-vars
  Line 2:54:   'Accordion' is defined but never used               no-unused-vars
  Line 2:65:   'Tab' is defined but never used                     no-unused-vars
  Line 3:8:    'Chart' is defined but never used                   no-unused-vars
  Line 5:8:    'getPrimaryName' is defined but never used          no-unused-vars
  Line 6:8:    'Monitor' is defined but never used                 no-unused-vars
  Line 8:10:   'color' is defined but never used                   no-unused-vars
  Line 11:7:   'primary_names' is assigned a value but never used  no-unused-vars
  Line 14:12:  'show' is assigned a value but never used           no-unused-vars
  Line 15:11:  'handleClose' is assigned a value but never used    no-unused-vars
  Line 16:11:  'handleShow' is assigned a value but never used     no-unused-vars

./src/components/Record.js
  Line 1:17:  'Component' is defined but never used  no-unused-vars
  Line 3:10:  'Button' is defined but never used     no-unused-vars
  Line 3:18:  'Table' is defined but never used      no-unused-vars

./src/util/timestampToTime.js
  Line 1:9:  'dataTool' is assigned a value but never used  no-unused-vars

./src/components/FuturesMonitors.js
  Line 2:10:  'Button' is defined but never used  no-unused-vars
  Line 2:25:  'Toast' is defined but never used   no-unused-vars

./src/components/StocksTable.js
  Line 2:10:  'Form' is defined but never used                    no-unused-vars
  Line 2:16:  'Row' is defined but never used                     no-unused-vars
  Line 2:21:  'Col' is defined but never used                     no-unused-vars
  Line 3:8:   'Chart' is defined but never used                   no-unused-vars
  Line 5:8:   'getPrimaryName' is defined but never used          no-unused-vars
  Line 6:8:   'Monitor' is defined but never used                 no-unused-vars
  Line 8:7:   'primary_names' is assigned a value but never used  no-unused-vars

./src/components/Navigator.js
  Line 2:10:  'Toast' is defined but never used        no-unused-vars
  Line 2:30:  'Button' is defined but never used       no-unused-vars
  Line 2:38:  'NavDropdown' is defined but never used  no-unused-vars
  Line 3:8:   'Clock' is defined but never used        no-unused-vars

./src/components/Review.js
  Line 2:16:  'Row' is defined but never used  no-unused-vars

./src/components/Clock.js
  Line 2:8:   'PropTypes' is defined but never used  no-unused-vars
  Line 3:10:  'Toast' is defined but never used      no-unused-vars

./src/components/Monitor.js
  Line 3:8:   'PropTypes' is defined but never used  no-unused-vars
  Line 4:10:  'Toast' is defined but never used      no-unused-vars

./src/components/VolatilityName.js
  Line 3:8:   'PropTypes' is defined but never used  no-unused-vars
  Line 4:10:  'Toast' is defined but never used      no-unused-vars
  Line 4:17:  'Table' is defined but never used      no-unused-vars
  Line 4:24:  'Button' is defined but never used     no-unused-vars
  Line 5:8:   'Record' is defined but never used     no-unused-vars

./src/components/Charts.js
  Line 3:8:   'PropTypes' is defined but never used  no-unused-vars
  Line 4:10:  'Toast' is defined but never used      no-unused-vars
  Line 4:17:  'Table' is defined but never used      no-unused-vars
  Line 5:8:   'Record' is defined but never used     no-unused-vars
  Line 10:5:  Useless constructor                    no-useless-constructor

./src/components/Volatility.js
  Line 3:8:   'PropTypes' is defined but never used  no-unused-vars
  Line 4:10:  'Toast' is defined but never used      no-unused-vars
  Line 4:24:  'Button' is defined but never used     no-unused-vars
  Line 4:32:  'Modal' is defined but never used      no-unused-vars
  Line 5:8:   'Record' is defined but never used     no-unused-vars
  Line 6:8:   'Chart' is defined but never used      no-unused-vars
  Line 10:5:  Useless constructor                    no-useless-constructor

./src/components/StockChart.js
  Line 4:8:   'timestampToTime' is defined but never used  no-unused-vars
  Line 5:21:  'random' is defined but never used           no-unused-vars
  Line 6:10:  'Axis' is defined but never used             no-unused-vars

./src/components/FuturesResult.js
  Line 5:10:   'sample' is defined but never used        no-unused-vars
  Line 45:13:  'url' is assigned a value but never used  no-unused-vars

./src/components/Chart.js
  Line 5:20:   'random' is defined but never used   no-unused-vars
  Line 98:56:  Expected '===' and instead saw '=='  eqeqeq

./src/index.js
  Line 8:10:  'Router' is defined but never used  no-unused-vars
  Line 8:18:  'Route' is defined but never used   no-unused-vars
  Line 8:25:  'Link' is defined but never used    no-unused-vars

Search for the keywords to learn more about each warning.
To ignore, add // eslint-disable-next-line to the line before.


Could not open FuturesResult.js in the editor.
The editor process exited with an error: spawn code ENOENT.

To set up the editor integration, add something like REACT_EDITOR=atom to the .env.local file in your project folder and restart the development server. Learn more: https://goo.gl/MMTaZt


Could not open FuturesResult.js in the editor.
The editor process exited with an error: spawn code ENOENT.

To set up the editor integration, add something like REACT_EDITOR=atom to the .env.local file in your project folder and restart the development server. Learn more: https://goo.gl/MMTaZt


Could not open FuturesResult.js in the editor.
The editor process exited with an error: spawn code ENOENT.

To set up the editor integration, add something like REACT_EDITOR=atom to the .env.local file in your project folder and restart the development server. Learn more: https://goo.gl/MMTaZt


Could not open FuturesResult.js in the editor.
The editor process exited with an error: spawn code ENOENT.

To set up the editor integration, add something like REACT_EDITOR=atom to the .env.local file in your project folder and restart the development server. Learn more: https://goo.gl/MMTaZt

/Library/Frameworks/Python.framework/Versions/3.9/bin/python3: can't open file '/Users/qit/Documents/wsapp/wsapp/gui/my-app/./app.py': [Errno 2] No such file or directory
/Library/Frameworks/Python.framework/Versions/3.9/bin/python3: can't open file '/Users/qit/Documents/wsapp/wsapp/gui/my-app/./appsrv.py': [Errno 2] No such file or directory

> gui@0.1.0 start /Users/qit/Documents/wsapp/wsapp/gui/my-app
> react-scripts start

[34mℹ[39m [90m｢wds｣[39m: Project is running at http://10.0.0.14/
[34mℹ[39m [90m｢wds｣[39m: webpack output is served from 
[34mℹ[39m [90m｢wds｣[39m: Content not from webpack is served from /Users/qit/Documents/wsapp/wsapp/gui/my-app/public
[34mℹ[39m [90m｢wds｣[39m: 404s will fallback to /
Starting the development server...

Browserslist: caniuse-lite is outdated. Please run:
npx browserslist@latest --update-db
Compiled with warnings.

./src/components/StocksRecordsForCollapse.js
  Line 1:17:   'Component' is defined but never used               no-unused-vars
  Line 2:10:   'Form' is defined but never used                    no-unused-vars
  Line 2:16:   'Row' is defined but never used                     no-unused-vars
  Line 2:21:   'Col' is defined but never used                     no-unused-vars
  Line 2:34:   'Table' is defined but never used                   no-unused-vars
  Line 2:41:   'Modal' is defined but never used                   no-unused-vars
  Line 2:48:   'Card' is defined but never used                    no-unused-vars
  Line 2:54:   'Accordion' is defined but never used               no-unused-vars
  Line 2:65:   'Tab' is defined but never used                     no-unused-vars
  Line 3:8:    'Chart' is defined but never used                   no-unused-vars
  Line 5:8:    'getPrimaryName' is defined but never used          no-unused-vars
  Line 6:8:    'Monitor' is defined but never used                 no-unused-vars
  Line 8:10:   'color' is defined but never used                   no-unused-vars
  Line 11:7:   'primary_names' is assigned a value but never used  no-unused-vars
  Line 14:12:  'show' is assigned a value but never used           no-unused-vars
  Line 15:11:  'handleClose' is assigned a value but never used    no-unused-vars
  Line 16:11:  'handleShow' is assigned a value but never used     no-unused-vars

./src/components/Record.js
  Line 1:17:  'Component' is defined but never used  no-unused-vars
  Line 3:10:  'Button' is defined but never used     no-unused-vars
  Line 3:18:  'Table' is defined but never used      no-unused-vars

./src/util/timestampToTime.js
  Line 1:9:  'dataTool' is assigned a value but never used  no-unused-vars

./src/components/FuturesMonitors.js
  Line 2:10:  'Button' is defined but never used  no-unused-vars
  Line 2:25:  'Toast' is defined but never used   no-unused-vars

./src/components/StocksTable.js
  Line 2:10:  'Form' is defined but never used                    no-unused-vars
  Line 2:16:  'Row' is defined but never used                     no-unused-vars
  Line 2:21:  'Col' is defined but never used                     no-unused-vars
  Line 3:8:   'Chart' is defined but never used                   no-unused-vars
  Line 5:8:   'getPrimaryName' is defined but never used          no-unused-vars
  Line 6:8:   'Monitor' is defined but never used                 no-unused-vars
  Line 8:7:   'primary_names' is assigned a value but never used  no-unused-vars

./src/components/Navigator.js
  Line 2:10:  'Toast' is defined but never used        no-unused-vars
  Line 2:30:  'Button' is defined but never used       no-unused-vars
  Line 2:38:  'NavDropdown' is defined but never used  no-unused-vars
  Line 3:8:   'Clock' is defined but never used        no-unused-vars

./src/components/Review.js
  Line 2:16:  'Row' is defined but never used  no-unused-vars

./src/components/Clock.js
  Line 2:8:   'PropTypes' is defined but never used  no-unused-vars
  Line 3:10:  'Toast' is defined but never used      no-unused-vars

./src/components/Monitor.js
  Line 3:8:   'PropTypes' is defined but never used  no-unused-vars
  Line 4:10:  'Toast' is defined but never used      no-unused-vars

./src/components/VolatilityName.js
  Line 3:8:   'PropTypes' is defined but never used  no-unused-vars
  Line 4:10:  'Toast' is defined but never used      no-unused-vars
  Line 4:17:  'Table' is defined but never used      no-unused-vars
  Line 4:24:  'Button' is defined but never used     no-unused-vars
  Line 5:8:   'Record' is defined but never used     no-unused-vars

./src/components/Charts.js
  Line 3:8:   'PropTypes' is defined but never used  no-unused-vars
  Line 4:10:  'Toast' is defined but never used      no-unused-vars
  Line 4:17:  'Table' is defined but never used      no-unused-vars
  Line 5:8:   'Record' is defined but never used     no-unused-vars
  Line 10:5:  Useless constructor                    no-useless-constructor

./src/components/Volatility.js
  Line 3:8:   'PropTypes' is defined but never used  no-unused-vars
  Line 4:10:  'Toast' is defined but never used      no-unused-vars
  Line 4:24:  'Button' is defined but never used     no-unused-vars
  Line 4:32:  'Modal' is defined but never used      no-unused-vars
  Line 5:8:   'Record' is defined but never used     no-unused-vars
  Line 6:8:   'Chart' is defined but never used      no-unused-vars
  Line 10:5:  Useless constructor                    no-useless-constructor

./src/components/StockChart.js
  Line 4:8:   'timestampToTime' is defined but never used  no-unused-vars
  Line 5:21:  'random' is defined but never used           no-unused-vars
  Line 6:10:  'Axis' is defined but never used             no-unused-vars

./src/components/FuturesResult.js
  Line 5:10:   'sample' is defined but never used        no-unused-vars
  Line 45:13:  'url' is assigned a value but never used  no-unused-vars

./src/components/Chart.js
  Line 5:20:   'random' is defined but never used   no-unused-vars
  Line 98:56:  Expected '===' and instead saw '=='  eqeqeq

./src/index.js
  Line 8:10:  'Router' is defined but never used  no-unused-vars
  Line 8:18:  'Route' is defined but never used   no-unused-vars
  Line 8:25:  'Link' is defined but never used    no-unused-vars

Search for the keywords to learn more about each warning.
To ignore, add // eslint-disable-next-line to the line before.

/Library/Frameworks/Python.framework/Versions/3.9/bin/python3: can't open file '/Users/qit/Documents/wsapp/wsapp/gui/my-app/./app.py': [Errno 2] No such file or directory
/Library/Frameworks/Python.framework/Versions/3.9/bin/python3: can't open file '/Users/qit/Documents/wsapp/wsapp/gui/my-app/./appsrv.py': [Errno 2] No such file or directory

> gui@0.1.0 start /Users/qit/Documents/wsapp/wsapp/gui/my-app
> react-scripts start

[34mℹ[39m [90m｢wds｣[39m: Project is running at http://10.0.0.14/
[34mℹ[39m [90m｢wds｣[39m: webpack output is served from 
[34mℹ[39m [90m｢wds｣[39m: Content not from webpack is served from /Users/qit/Documents/wsapp/wsapp/gui/my-app/public
[34mℹ[39m [90m｢wds｣[39m: 404s will fallback to /
Starting the development server...


> gui@0.1.0 start /Users/qit/Documents/wsapp/wsapp/gui/my-app
> react-scripts start

[34mℹ[39m [90m｢wds｣[39m: Project is running at http://10.0.0.14/
[34mℹ[39m [90m｢wds｣[39m: webpack output is served from 
[34mℹ[39m [90m｢wds｣[39m: Content not from webpack is served from /Users/qit/Documents/wsapp/wsapp/gui/my-app/public
[34mℹ[39m [90m｢wds｣[39m: 404s will fallback to /
Starting the development server...

Browserslist: caniuse-lite is outdated. Please run:
npx browserslist@latest --update-db
Compiled with warnings.

./src/components/StocksRecordsForCollapse.js
  Line 1:17:   'Component' is defined but never used               no-unused-vars
  Line 2:10:   'Form' is defined but never used                    no-unused-vars
  Line 2:16:   'Row' is defined but never used                     no-unused-vars
  Line 2:21:   'Col' is defined but never used                     no-unused-vars
  Line 2:34:   'Table' is defined but never used                   no-unused-vars
  Line 2:41:   'Modal' is defined but never used                   no-unused-vars
  Line 2:48:   'Card' is defined but never used                    no-unused-vars
  Line 2:54:   'Accordion' is defined but never used               no-unused-vars
  Line 2:65:   'Tab' is defined but never used                     no-unused-vars
  Line 3:8:    'Chart' is defined but never used                   no-unused-vars
  Line 5:8:    'getPrimaryName' is defined but never used          no-unused-vars
  Line 6:8:    'Monitor' is defined but never used                 no-unused-vars
  Line 8:10:   'color' is defined but never used                   no-unused-vars
  Line 11:7:   'primary_names' is assigned a value but never used  no-unused-vars
  Line 14:12:  'show' is assigned a value but never used           no-unused-vars
  Line 15:11:  'handleClose' is assigned a value but never used    no-unused-vars
  Line 16:11:  'handleShow' is assigned a value but never used     no-unused-vars

./src/components/Record.js
  Line 1:17:  'Component' is defined but never used  no-unused-vars
  Line 3:10:  'Button' is defined but never used     no-unused-vars
  Line 3:18:  'Table' is defined but never used      no-unused-vars

./src/util/timestampToTime.js
  Line 1:9:  'dataTool' is assigned a value but never used  no-unused-vars

./src/components/FuturesMonitors.js
  Line 2:10:  'Button' is defined but never used  no-unused-vars
  Line 2:25:  'Toast' is defined but never used   no-unused-vars

./src/components/StocksTable.js
  Line 2:10:  'Form' is defined but never used                    no-unused-vars
  Line 2:16:  'Row' is defined but never used                     no-unused-vars
  Line 2:21:  'Col' is defined but never used                     no-unused-vars
  Line 3:8:   'Chart' is defined but never used                   no-unused-vars
  Line 5:8:   'getPrimaryName' is defined but never used          no-unused-vars
  Line 6:8:   'Monitor' is defined but never used                 no-unused-vars
  Line 8:7:   'primary_names' is assigned a value but never used  no-unused-vars

./src/components/Navigator.js
  Line 2:10:  'Toast' is defined but never used        no-unused-vars
  Line 2:30:  'Button' is defined but never used       no-unused-vars
  Line 2:38:  'NavDropdown' is defined but never used  no-unused-vars
  Line 3:8:   'Clock' is defined but never used        no-unused-vars

./src/components/Review.js
  Line 2:16:  'Row' is defined but never used  no-unused-vars

./src/components/Clock.js
  Line 2:8:   'PropTypes' is defined but never used  no-unused-vars
  Line 3:10:  'Toast' is defined but never used      no-unused-vars

./src/components/Monitor.js
  Line 3:8:   'PropTypes' is defined but never used  no-unused-vars
  Line 4:10:  'Toast' is defined but never used      no-unused-vars

./src/components/VolatilityName.js
  Line 3:8:   'PropTypes' is defined but never used  no-unused-vars
  Line 4:10:  'Toast' is defined but never used      no-unused-vars
  Line 4:17:  'Table' is defined but never used      no-unused-vars
  Line 4:24:  'Button' is defined but never used     no-unused-vars
  Line 5:8:   'Record' is defined but never used     no-unused-vars

./src/components/Charts.js
  Line 3:8:   'PropTypes' is defined but never used  no-unused-vars
  Line 4:10:  'Toast' is defined but never used      no-unused-vars
  Line 4:17:  'Table' is defined but never used      no-unused-vars
  Line 5:8:   'Record' is defined but never used     no-unused-vars
  Line 10:5:  Useless constructor                    no-useless-constructor

./src/components/Volatility.js
  Line 3:8:   'PropTypes' is defined but never used  no-unused-vars
  Line 4:10:  'Toast' is defined but never used      no-unused-vars
  Line 4:24:  'Button' is defined but never used     no-unused-vars
  Line 4:32:  'Modal' is defined but never used      no-unused-vars
  Line 5:8:   'Record' is defined but never used     no-unused-vars
  Line 6:8:   'Chart' is defined but never used      no-unused-vars
  Line 10:5:  Useless constructor                    no-useless-constructor

./src/components/StockChart.js
  Line 4:8:   'timestampToTime' is defined but never used  no-unused-vars
  Line 5:21:  'random' is defined but never used           no-unused-vars
  Line 6:10:  'Axis' is defined but never used             no-unused-vars

./src/components/FuturesResult.js
  Line 5:10:   'sample' is defined but never used        no-unused-vars
  Line 45:13:  'url' is assigned a value but never used  no-unused-vars

./src/components/Chart.js
  Line 5:20:   'random' is defined but never used   no-unused-vars
  Line 98:56:  Expected '===' and instead saw '=='  eqeqeq

./src/index.js
  Line 8:10:  'Router' is defined but never used  no-unused-vars
  Line 8:18:  'Route' is defined but never used   no-unused-vars
  Line 8:25:  'Link' is defined but never used    no-unused-vars

Search for the keywords to learn more about each warning.
To ignore, add // eslint-disable-next-line to the line before.


> gui@0.1.0 start /Users/qit/Documents/wsapp/wsapp/gui/my-app
> react-scripts start

[34mℹ[39m [90m｢wds｣[39m: Project is running at http://10.0.0.14/
[34mℹ[39m [90m｢wds｣[39m: webpack output is served from 
[34mℹ[39m [90m｢wds｣[39m: Content not from webpack is served from /Users/qit/Documents/wsapp/wsapp/gui/my-app/public
[34mℹ[39m [90m｢wds｣[39m: 404s will fallback to /
Starting the development server...

Browserslist: caniuse-lite is outdated. Please run:
npx browserslist@latest --update-db
Compiled with warnings.

./src/components/StocksRecordsForCollapse.js
  Line 1:17:   'Component' is defined but never used               no-unused-vars
  Line 2:10:   'Form' is defined but never used                    no-unused-vars
  Line 2:16:   'Row' is defined but never used                     no-unused-vars
  Line 2:21:   'Col' is defined but never used                     no-unused-vars
  Line 2:34:   'Table' is defined but never used                   no-unused-vars
  Line 2:41:   'Modal' is defined but never used                   no-unused-vars
  Line 2:48:   'Card' is defined but never used                    no-unused-vars
  Line 2:54:   'Accordion' is defined but never used               no-unused-vars
  Line 2:65:   'Tab' is defined but never used                     no-unused-vars
  Line 3:8:    'Chart' is defined but never used                   no-unused-vars
  Line 5:8:    'getPrimaryName' is defined but never used          no-unused-vars
  Line 6:8:    'Monitor' is defined but never used                 no-unused-vars
  Line 8:10:   'color' is defined but never used                   no-unused-vars
  Line 11:7:   'primary_names' is assigned a value but never used  no-unused-vars
  Line 14:12:  'show' is assigned a value but never used           no-unused-vars
  Line 15:11:  'handleClose' is assigned a value but never used    no-unused-vars
  Line 16:11:  'handleShow' is assigned a value but never used     no-unused-vars

./src/components/Record.js
  Line 1:17:  'Component' is defined but never used  no-unused-vars
  Line 3:10:  'Button' is defined but never used     no-unused-vars
  Line 3:18:  'Table' is defined but never used      no-unused-vars

./src/util/timestampToTime.js
  Line 1:9:  'dataTool' is assigned a value but never used  no-unused-vars

./src/components/FuturesMonitors.js
  Line 2:10:  'Button' is defined but never used  no-unused-vars
  Line 2:25:  'Toast' is defined but never used   no-unused-vars

./src/components/StocksTable.js
  Line 2:10:  'Form' is defined but never used                    no-unused-vars
  Line 2:16:  'Row' is defined but never used                     no-unused-vars
  Line 2:21:  'Col' is defined but never used                     no-unused-vars
  Line 3:8:   'Chart' is defined but never used                   no-unused-vars
  Line 5:8:   'getPrimaryName' is defined but never used          no-unused-vars
  Line 6:8:   'Monitor' is defined but never used                 no-unused-vars
  Line 8:7:   'primary_names' is assigned a value but never used  no-unused-vars

./src/components/Navigator.js
  Line 2:10:  'Toast' is defined but never used        no-unused-vars
  Line 2:30:  'Button' is defined but never used       no-unused-vars
  Line 2:38:  'NavDropdown' is defined but never used  no-unused-vars
  Line 3:8:   'Clock' is defined but never used        no-unused-vars

./src/components/Review.js
  Line 2:16:  'Row' is defined but never used  no-unused-vars

./src/components/Clock.js
  Line 2:8:   'PropTypes' is defined but never used  no-unused-vars
  Line 3:10:  'Toast' is defined but never used      no-unused-vars

./src/components/Monitor.js
  Line 3:8:   'PropTypes' is defined but never used  no-unused-vars
  Line 4:10:  'Toast' is defined but never used      no-unused-vars

./src/components/VolatilityName.js
  Line 3:8:   'PropTypes' is defined but never used  no-unused-vars
  Line 4:10:  'Toast' is defined but never used      no-unused-vars
  Line 4:17:  'Table' is defined but never used      no-unused-vars
  Line 4:24:  'Button' is defined but never used     no-unused-vars
  Line 5:8:   'Record' is defined but never used     no-unused-vars

./src/components/Charts.js
  Line 3:8:   'PropTypes' is defined but never used  no-unused-vars
  Line 4:10:  'Toast' is defined but never used      no-unused-vars
  Line 4:17:  'Table' is defined but never used      no-unused-vars
  Line 5:8:   'Record' is defined but never used     no-unused-vars
  Line 10:5:  Useless constructor                    no-useless-constructor

./src/components/Volatility.js
  Line 3:8:   'PropTypes' is defined but never used  no-unused-vars
  Line 4:10:  'Toast' is defined but never used      no-unused-vars
  Line 4:24:  'Button' is defined but never used     no-unused-vars
  Line 4:32:  'Modal' is defined but never used      no-unused-vars
  Line 5:8:   'Record' is defined but never used     no-unused-vars
  Line 6:8:   'Chart' is defined but never used      no-unused-vars
  Line 10:5:  Useless constructor                    no-useless-constructor

./src/components/StockChart.js
  Line 4:8:   'timestampToTime' is defined but never used  no-unused-vars
  Line 5:21:  'random' is defined but never used           no-unused-vars
  Line 6:10:  'Axis' is defined but never used             no-unused-vars

./src/components/FuturesResult.js
  Line 5:10:   'sample' is defined but never used        no-unused-vars
  Line 45:13:  'url' is assigned a value but never used  no-unused-vars

./src/components/Chart.js
  Line 5:20:   'random' is defined but never used   no-unused-vars
  Line 98:56:  Expected '===' and instead saw '=='  eqeqeq

./src/index.js
  Line 8:10:  'Router' is defined but never used  no-unused-vars
  Line 8:18:  'Route' is defined but never used   no-unused-vars
  Line 8:25:  'Link' is defined but never used    no-unused-vars

Search for the keywords to learn more about each warning.
To ignore, add // eslint-disable-next-line to the line before.


> gui@0.1.0 start /Users/qit/Documents/wsapp/wsapp/gui/my-app
> react-scripts start

[34mℹ[39m [90m｢wds｣[39m: Project is running at http://10.0.0.14/
[34mℹ[39m [90m｢wds｣[39m: webpack output is served from 
[34mℹ[39m [90m｢wds｣[39m: Content not from webpack is served from /Users/qit/Documents/wsapp/wsapp/gui/my-app/public
[34mℹ[39m [90m｢wds｣[39m: 404s will fallback to /
Starting the development server...


> gui@0.1.0 start /Users/qit/Documents/wsapp/wsapp/gui/my-app
> react-scripts start

[34mℹ[39m [90m｢wds｣[39m: Project is running at http://10.0.0.14/
[34mℹ[39m [90m｢wds｣[39m: webpack output is served from 
[34mℹ[39m [90m｢wds｣[39m: Content not from webpack is served from /Users/qit/Documents/wsapp/wsapp/gui/my-app/public
[34mℹ[39m [90m｢wds｣[39m: 404s will fallback to /
Starting the development server...

Browserslist: caniuse-lite is outdated. Please run:
npx browserslist@latest --update-db
Compiled with warnings.

./src/components/StocksRecordsForCollapse.js
  Line 1:17:   'Component' is defined but never used               no-unused-vars
  Line 2:10:   'Form' is defined but never used                    no-unused-vars
  Line 2:16:   'Row' is defined but never used                     no-unused-vars
  Line 2:21:   'Col' is defined but never used                     no-unused-vars
  Line 2:34:   'Table' is defined but never used                   no-unused-vars
  Line 2:41:   'Modal' is defined but never used                   no-unused-vars
  Line 2:48:   'Card' is defined but never used                    no-unused-vars
  Line 2:54:   'Accordion' is defined but never used               no-unused-vars
  Line 2:65:   'Tab' is defined but never used                     no-unused-vars
  Line 3:8:    'Chart' is defined but never used                   no-unused-vars
  Line 5:8:    'getPrimaryName' is defined but never used          no-unused-vars
  Line 6:8:    'Monitor' is defined but never used                 no-unused-vars
  Line 8:10:   'color' is defined but never used                   no-unused-vars
  Line 11:7:   'primary_names' is assigned a value but never used  no-unused-vars
  Line 14:12:  'show' is assigned a value but never used           no-unused-vars
  Line 15:11:  'handleClose' is assigned a value but never used    no-unused-vars
  Line 16:11:  'handleShow' is assigned a value but never used     no-unused-vars

./src/components/Record.js
  Line 1:17:  'Component' is defined but never used  no-unused-vars
  Line 3:10:  'Button' is defined but never used     no-unused-vars
  Line 3:18:  'Table' is defined but never used      no-unused-vars

./src/util/timestampToTime.js
  Line 1:9:  'dataTool' is assigned a value but never used  no-unused-vars

./src/components/FuturesMonitors.js
  Line 2:10:  'Button' is defined but never used  no-unused-vars
  Line 2:25:  'Toast' is defined but never used   no-unused-vars

./src/components/StocksTable.js
  Line 2:10:  'Form' is defined but never used                    no-unused-vars
  Line 2:16:  'Row' is defined but never used                     no-unused-vars
  Line 2:21:  'Col' is defined but never used                     no-unused-vars
  Line 3:8:   'Chart' is defined but never used                   no-unused-vars
  Line 5:8:   'getPrimaryName' is defined but never used          no-unused-vars
  Line 6:8:   'Monitor' is defined but never used                 no-unused-vars
  Line 8:7:   'primary_names' is assigned a value but never used  no-unused-vars

./src/components/Navigator.js
  Line 2:10:  'Toast' is defined but never used        no-unused-vars
  Line 2:30:  'Button' is defined but never used       no-unused-vars
  Line 2:38:  'NavDropdown' is defined but never used  no-unused-vars
  Line 3:8:   'Clock' is defined but never used        no-unused-vars

./src/components/Review.js
  Line 2:16:  'Row' is defined but never used  no-unused-vars

./src/components/Clock.js
  Line 2:8:   'PropTypes' is defined but never used  no-unused-vars
  Line 3:10:  'Toast' is defined but never used      no-unused-vars

./src/components/Monitor.js
  Line 3:8:   'PropTypes' is defined but never used  no-unused-vars
  Line 4:10:  'Toast' is defined but never used      no-unused-vars

./src/components/VolatilityName.js
  Line 3:8:   'PropTypes' is defined but never used  no-unused-vars
  Line 4:10:  'Toast' is defined but never used      no-unused-vars
  Line 4:17:  'Table' is defined but never used      no-unused-vars
  Line 4:24:  'Button' is defined but never used     no-unused-vars
  Line 5:8:   'Record' is defined but never used     no-unused-vars

./src/components/Charts.js
  Line 3:8:   'PropTypes' is defined but never used  no-unused-vars
  Line 4:10:  'Toast' is defined but never used      no-unused-vars
  Line 4:17:  'Table' is defined but never used      no-unused-vars
  Line 5:8:   'Record' is defined but never used     no-unused-vars
  Line 10:5:  Useless constructor                    no-useless-constructor

./src/components/Volatility.js
  Line 3:8:   'PropTypes' is defined but never used  no-unused-vars
  Line 4:10:  'Toast' is defined but never used      no-unused-vars
  Line 4:24:  'Button' is defined but never used     no-unused-vars
  Line 4:32:  'Modal' is defined but never used      no-unused-vars
  Line 5:8:   'Record' is defined but never used     no-unused-vars
  Line 6:8:   'Chart' is defined but never used      no-unused-vars
  Line 10:5:  Useless constructor                    no-useless-constructor

./src/components/StockChart.js
  Line 4:8:   'timestampToTime' is defined but never used  no-unused-vars
  Line 5:21:  'random' is defined but never used           no-unused-vars
  Line 6:10:  'Axis' is defined but never used             no-unused-vars

./src/components/FuturesResult.js
  Line 5:10:   'sample' is defined but never used        no-unused-vars
  Line 45:13:  'url' is assigned a value but never used  no-unused-vars

./src/components/Chart.js
  Line 5:20:   'random' is defined but never used   no-unused-vars
  Line 98:56:  Expected '===' and instead saw '=='  eqeqeq

./src/index.js
  Line 8:10:  'Router' is defined but never used  no-unused-vars
  Line 8:18:  'Route' is defined but never used   no-unused-vars
  Line 8:25:  'Link' is defined but never used    no-unused-vars

Search for the keywords to learn more about each warning.
To ignore, add // eslint-disable-next-line to the line before.


> gui@0.1.0 start
> export NODE_OPTIONS=--openssl-legacy-provider && react-scripts start

[34mℹ[39m [90m｢wds｣[39m: Project is running at http://10.0.0.7/
[34mℹ[39m [90m｢wds｣[39m: webpack output is served from 
[34mℹ[39m [90m｢wds｣[39m: Content not from webpack is served from /Users/qit/Documents/wsapp/wsapp/gui/my-app/public
[34mℹ[39m [90m｢wds｣[39m: 404s will fallback to /
Starting the development server...

Browserslist: caniuse-lite is outdated. Please run:
npx browserslist@latest --update-db
Compiled with warnings.

./src/components/StocksRecordsForCollapse.js
  Line 1:17:   'Component' is defined but never used               no-unused-vars
  Line 2:10:   'Form' is defined but never used                    no-unused-vars
  Line 2:16:   'Row' is defined but never used                     no-unused-vars
  Line 2:21:   'Col' is defined but never used                     no-unused-vars
  Line 2:34:   'Table' is defined but never used                   no-unused-vars
  Line 2:41:   'Modal' is defined but never used                   no-unused-vars
  Line 2:48:   'Card' is defined but never used                    no-unused-vars
  Line 2:54:   'Accordion' is defined but never used               no-unused-vars
  Line 2:65:   'Tab' is defined but never used                     no-unused-vars
  Line 3:8:    'Chart' is defined but never used                   no-unused-vars
  Line 5:8:    'getPrimaryName' is defined but never used          no-unused-vars
  Line 6:8:    'Monitor' is defined but never used                 no-unused-vars
  Line 8:10:   'color' is defined but never used                   no-unused-vars
  Line 11:7:   'primary_names' is assigned a value but never used  no-unused-vars
  Line 14:12:  'show' is assigned a value but never used           no-unused-vars
  Line 15:11:  'handleClose' is assigned a value but never used    no-unused-vars
  Line 16:11:  'handleShow' is assigned a value but never used     no-unused-vars

./src/components/Record.js
  Line 1:17:  'Component' is defined but never used  no-unused-vars
  Line 3:10:  'Button' is defined but never used     no-unused-vars
  Line 3:18:  'Table' is defined but never used      no-unused-vars

./src/util/timestampToTime.js
  Line 1:9:  'dataTool' is assigned a value but never used  no-unused-vars

./src/components/FuturesMonitors.js
  Line 2:10:  'Button' is defined but never used  no-unused-vars
  Line 2:25:  'Toast' is defined but never used   no-unused-vars

./src/components/StocksTable.js
  Line 2:10:  'Form' is defined but never used                    no-unused-vars
  Line 2:16:  'Row' is defined but never used                     no-unused-vars
  Line 2:21:  'Col' is defined but never used                     no-unused-vars
  Line 3:8:   'Chart' is defined but never used                   no-unused-vars
  Line 5:8:   'getPrimaryName' is defined but never used          no-unused-vars
  Line 6:8:   'Monitor' is defined but never used                 no-unused-vars
  Line 8:7:   'primary_names' is assigned a value but never used  no-unused-vars

./src/components/Navigator.js
  Line 2:10:  'Toast' is defined but never used        no-unused-vars
  Line 2:30:  'Button' is defined but never used       no-unused-vars
  Line 2:38:  'NavDropdown' is defined but never used  no-unused-vars
  Line 3:8:   'Clock' is defined but never used        no-unused-vars

./src/components/Review.js
  Line 2:16:  'Row' is defined but never used  no-unused-vars

./src/components/Clock.js
  Line 2:8:   'PropTypes' is defined but never used  no-unused-vars
  Line 3:10:  'Toast' is defined but never used      no-unused-vars

./src/components/Monitor.js
  Line 3:8:   'PropTypes' is defined but never used  no-unused-vars
  Line 4:10:  'Toast' is defined but never used      no-unused-vars

./src/components/VolatilityName.js
  Line 3:8:   'PropTypes' is defined but never used  no-unused-vars
  Line 4:10:  'Toast' is defined but never used      no-unused-vars
  Line 4:17:  'Table' is defined but never used      no-unused-vars
  Line 4:24:  'Button' is defined but never used     no-unused-vars
  Line 5:8:   'Record' is defined but never used     no-unused-vars

./src/components/Charts.js
  Line 3:8:   'PropTypes' is defined but never used  no-unused-vars
  Line 4:10:  'Toast' is defined but never used      no-unused-vars
  Line 4:17:  'Table' is defined but never used      no-unused-vars
  Line 5:8:   'Record' is defined but never used     no-unused-vars
  Line 10:5:  Useless constructor                    no-useless-constructor

./src/components/Volatility.js
  Line 3:8:   'PropTypes' is defined but never used  no-unused-vars
  Line 4:10:  'Toast' is defined but never used      no-unused-vars
  Line 4:24:  'Button' is defined but never used     no-unused-vars
  Line 4:32:  'Modal' is defined but never used      no-unused-vars
  Line 5:8:   'Record' is defined but never used     no-unused-vars
  Line 6:8:   'Chart' is defined but never used      no-unused-vars
  Line 10:5:  Useless constructor                    no-useless-constructor

./src/components/StockChart.js
  Line 4:8:   'timestampToTime' is defined but never used  no-unused-vars
  Line 5:21:  'random' is defined but never used           no-unused-vars
  Line 6:10:  'Axis' is defined but never used             no-unused-vars

./src/components/FuturesResult.js
  Line 5:10:   'sample' is defined but never used        no-unused-vars
  Line 45:13:  'url' is assigned a value but never used  no-unused-vars

./src/components/Chart.js
  Line 5:21:   'random' is defined but never used   no-unused-vars
  Line 98:56:  Expected '===' and instead saw '=='  eqeqeq

./src/index.js
  Line 8:10:  'Router' is defined but never used  no-unused-vars
  Line 8:18:  'Route' is defined but never used   no-unused-vars
  Line 8:25:  'Link' is defined but never used    no-unused-vars

Search for the keywords to learn more about each warning.
To ignore, add // eslint-disable-next-line to the line before.


> gui@0.1.0 start
> export NODE_OPTIONS=--openssl-legacy-provider && react-scripts start

[34mℹ[39m [90m｢wds｣[39m: Project is running at http://10.0.0.7/
[34mℹ[39m [90m｢wds｣[39m: webpack output is served from 
[34mℹ[39m [90m｢wds｣[39m: Content not from webpack is served from /Users/qit/Documents/wsapp/wsapp/gui/my-app/public
[34mℹ[39m [90m｢wds｣[39m: 404s will fallback to /
Starting the development server...

Browserslist: caniuse-lite is outdated. Please run:
npx browserslist@latest --update-db
Compiled with warnings.

./src/components/StocksRecordsForCollapse.js
  Line 1:17:   'Component' is defined but never used               no-unused-vars
  Line 2:10:   'Form' is defined but never used                    no-unused-vars
  Line 2:16:   'Row' is defined but never used                     no-unused-vars
  Line 2:21:   'Col' is defined but never used                     no-unused-vars
  Line 2:34:   'Table' is defined but never used                   no-unused-vars
  Line 2:41:   'Modal' is defined but never used                   no-unused-vars
  Line 2:48:   'Card' is defined but never used                    no-unused-vars
  Line 2:54:   'Accordion' is defined but never used               no-unused-vars
  Line 2:65:   'Tab' is defined but never used                     no-unused-vars
  Line 3:8:    'Chart' is defined but never used                   no-unused-vars
  Line 5:8:    'getPrimaryName' is defined but never used          no-unused-vars
  Line 6:8:    'Monitor' is defined but never used                 no-unused-vars
  Line 8:10:   'color' is defined but never used                   no-unused-vars
  Line 11:7:   'primary_names' is assigned a value but never used  no-unused-vars
  Line 14:12:  'show' is assigned a value but never used           no-unused-vars
  Line 15:11:  'handleClose' is assigned a value but never used    no-unused-vars
  Line 16:11:  'handleShow' is assigned a value but never used     no-unused-vars

./src/components/Record.js
  Line 1:17:  'Component' is defined but never used  no-unused-vars
  Line 3:10:  'Button' is defined but never used     no-unused-vars
  Line 3:18:  'Table' is defined but never used      no-unused-vars

./src/util/timestampToTime.js
  Line 1:9:  'dataTool' is assigned a value but never used  no-unused-vars

./src/components/FuturesMonitors.js
  Line 2:10:  'Button' is defined but never used  no-unused-vars
  Line 2:25:  'Toast' is defined but never used   no-unused-vars

./src/components/StocksTable.js
  Line 2:10:  'Form' is defined but never used                    no-unused-vars
  Line 2:16:  'Row' is defined but never used                     no-unused-vars
  Line 2:21:  'Col' is defined but never used                     no-unused-vars
  Line 3:8:   'Chart' is defined but never used                   no-unused-vars
  Line 5:8:   'getPrimaryName' is defined but never used          no-unused-vars
  Line 6:8:   'Monitor' is defined but never used                 no-unused-vars
  Line 8:7:   'primary_names' is assigned a value but never used  no-unused-vars

./src/components/Navigator.js
  Line 2:10:  'Toast' is defined but never used        no-unused-vars
  Line 2:30:  'Button' is defined but never used       no-unused-vars
  Line 2:38:  'NavDropdown' is defined but never used  no-unused-vars
  Line 3:8:   'Clock' is defined but never used        no-unused-vars

./src/components/Review.js
  Line 2:16:  'Row' is defined but never used  no-unused-vars

./src/components/Clock.js
  Line 2:8:   'PropTypes' is defined but never used  no-unused-vars
  Line 3:10:  'Toast' is defined but never used      no-unused-vars

./src/components/Monitor.js
  Line 3:8:   'PropTypes' is defined but never used  no-unused-vars
  Line 4:10:  'Toast' is defined but never used      no-unused-vars

./src/components/VolatilityName.js
  Line 3:8:   'PropTypes' is defined but never used  no-unused-vars
  Line 4:10:  'Toast' is defined but never used      no-unused-vars
  Line 4:17:  'Table' is defined but never used      no-unused-vars
  Line 4:24:  'Button' is defined but never used     no-unused-vars
  Line 5:8:   'Record' is defined but never used     no-unused-vars

./src/components/Charts.js
  Line 3:8:   'PropTypes' is defined but never used  no-unused-vars
  Line 4:10:  'Toast' is defined but never used      no-unused-vars
  Line 4:17:  'Table' is defined but never used      no-unused-vars
  Line 5:8:   'Record' is defined but never used     no-unused-vars
  Line 10:5:  Useless constructor                    no-useless-constructor

./src/components/Volatility.js
  Line 3:8:   'PropTypes' is defined but never used  no-unused-vars
  Line 4:10:  'Toast' is defined but never used      no-unused-vars
  Line 4:24:  'Button' is defined but never used     no-unused-vars
  Line 4:32:  'Modal' is defined but never used      no-unused-vars
  Line 5:8:   'Record' is defined but never used     no-unused-vars
  Line 6:8:   'Chart' is defined but never used      no-unused-vars
  Line 10:5:  Useless constructor                    no-useless-constructor

./src/components/StockChart.js
  Line 4:8:   'timestampToTime' is defined but never used  no-unused-vars
  Line 5:21:  'random' is defined but never used           no-unused-vars
  Line 6:10:  'Axis' is defined but never used             no-unused-vars

./src/components/FuturesResult.js
  Line 5:10:   'sample' is defined but never used        no-unused-vars
  Line 45:13:  'url' is assigned a value but never used  no-unused-vars

./src/components/Chart.js
  Line 5:21:   'random' is defined but never used   no-unused-vars
  Line 98:56:  Expected '===' and instead saw '=='  eqeqeq

./src/index.js
  Line 8:10:  'Router' is defined but never used  no-unused-vars
  Line 8:18:  'Route' is defined but never used   no-unused-vars
  Line 8:25:  'Link' is defined but never used    no-unused-vars

Search for the keywords to learn more about each warning.
To ignore, add // eslint-disable-next-line to the line before.


> gui@0.1.0 start
> export NODE_OPTIONS=--openssl-legacy-provider && react-scripts start

[34mℹ[39m [90m｢wds｣[39m: Project is running at http://10.0.0.7/
[34mℹ[39m [90m｢wds｣[39m: webpack output is served from 
[34mℹ[39m [90m｢wds｣[39m: Content not from webpack is served from /Users/qit/Documents/wsapp/wsapp/gui/my-app/public
[34mℹ[39m [90m｢wds｣[39m: 404s will fallback to /
Starting the development server...

